<?xml version="1.0" encoding="UTF-8"?>
<testng-results ignored="0" total="1" passed="1" failed="0" skipped="0">
  <reporter-output>
  </reporter-output>
  <suite started-at="2020-05-31T19:48:04 EDT" name="Default suite" finished-at="2020-05-31T19:48:04 EDT" duration-ms="92">
    <groups>
    </groups>
    <test started-at="2020-05-31T19:48:04 EDT" name="Default test" finished-at="2020-05-31T19:48:04 EDT" duration-ms="92">
      <class name="devOpsSample.Test">
        <test-method signature="test()[pri:0, instance:devOpsSample.Test@327b636c]" started-at="2020-05-31T19:48:04 EDT" name="test" finished-at="2020-05-31T19:48:04 EDT" duration-ms="18" status="PASS">
          <reporter-output>
          </reporter-output>
        </test-method> <!-- test -->
      </class> <!-- devOpsSample.Test -->
    </test> <!-- Default test -->
  </suite> <!-- Default suite -->
</testng-results>
